
[2017-01-06 14:25:44] production.ERROR: ErrorException: Use of undefined constant fr - assumed 'fr' in /home/florent/td_tp5/app/Templates/Default/default.php:20
Stack trace:
#0 /home/florent/td_tp5/app/Templates/Default/default.php(20): Nova\Exception\Handler->handleError(8, 'Use of undefine...', '/home/florent/t...', 20, Array)
#1 /home/florent/td_tp5/vendor/nova-framework/system/src/View/Engines/PhpEngine.php(56): include('/home/florent/t...')
#2 /home/florent/td_tp5/vendor/nova-framework/system/src/View/Engines/PhpEngine.php(31): Nova\View\Engines\PhpEngine->evaluatePath('/home/florent/t...', Array)
#3 /home/florent/td_tp5/vendor/nova-framework/system/src/View/View.php(96): Nova\View\Engines\PhpEngine->get('/home/florent/t...', Array)
#4 /home/florent/td_tp5/vendor/nova-framework/system/src/View/View.php(82): Nova\View\View->renderContents()
#5 /home/florent/td_tp5/app/Core/Controller.php(71): Nova\View\View->render()
#6 /home/florent/td_tp5/vendor/nova-framework/system/src/Routing/Controller.php(250): App\Core\Controller->processResponse(Object(Nova\Layout\Layout))
#7 /home/florent/td_tp5/vendor/nova-framework/system/src/Routing/ControllerDispatcher.php(94): Nova\Routing\Controller->callAction('index', Array)
#8 /home/florent/td_tp5/vendor/nova-framework/system/src/Routing/ControllerDispatcher.php(63): Nova\Routing\ControllerDispatcher->call(Object(App\Controllers\Welcome), Object(Nova\Routing\Route), 'index')
#9 /home/florent/td_tp5/vendor/nova-framework/system/src/Routing/Router.php(955): Nova\Routing\ControllerDispatcher->dispatch(Object(Nova\Routing\Route), Object(Nova\Http\Request), 'App\\Controllers...', 'index')
#10 [internal function]: Nova\Routing\Router->Nova\Routing\{closure}()
#11 /home/florent/td_tp5/vendor/nova-framework/system/src/Routing/Route.php(113): call_user_func_array(Object(Closure), Array)
#12 /home/florent/td_tp5/vendor/nova-framework/system/src/Routing/Router.php(1019): Nova\Routing\Route->run(Object(Nova\Http\Request))
#13 /home/florent/td_tp5/vendor/nova-framework/system/src/Routing/Router.php(988): Nova\Routing\Router->dispatchToRoute(Object(Nova\Http\Request))
#14 /home/florent/td_tp5/vendor/nova-framework/system/src/Foundation/Application.php(769): Nova\Routing\Router->dispatch(Object(Nova\Http\Request))
#15 /home/florent/td_tp5/vendor/nova-framework/system/src/Foundation/Application.php(737): Nova\Foundation\Application->dispatch(Object(Nova\Http\Request))
#16 /home/florent/td_tp5/shared/Http/ContentGuard.php(61): Nova\Foundation\Application->handle(Object(Nova\Http\Request), 1, true)
#17 /home/florent/td_tp5/vendor/nova-framework/system/src/Session/Middleware.php(77): Shared\Http\ContentGuard->handle(Object(Nova\Http\Request), 1, true)
#18 /home/florent/td_tp5/vendor/nova-framework/system/src/Cookie/Queue.php(49): Nova\Session\Middleware->handle(Object(Nova\Http\Request), 1, true)
#19 /home/florent/td_tp5/vendor/nova-framework/system/src/Cookie/Guard.php(54): Nova\Cookie\Queue->handle(Object(Nova\Http\Request), 1, true)
#20 /home/florent/td_tp5/vendor/stack/builder/src/Stack/StackedHttpKernel.php(23): Nova\Cookie\Guard->handle(Object(Nova\Http\Request), 1, true)
#21 /home/florent/td_tp5/vendor/nova-framework/system/src/Foundation/Application.php(634): Stack\StackedHttpKernel->handle(Object(Nova\Http\Request))
#22 /home/florent/td_tp5/public/index.php(29): Nova\Foundation\Application->run()
#23 /home/florent/td_tp5/server.php(22): require_once('/home/florent/t...')
#24 {main} [] []
[2017-01-06 14:27:19] production.ERROR: ErrorException: Array to string conversion in /home/florent/td_tp5/app/Templates/Default/default.php:21
Stack trace:
#0 /home/florent/td_tp5/app/Templates/Default/default.php(21): Nova\Exception\Handler->handleError(8, 'Array to string...', '/home/florent/t...', 21, Array)
#1 /home/florent/td_tp5/vendor/nova-framework/system/src/View/Engines/PhpEngine.php(56): include('/home/florent/t...')
#2 /home/florent/td_tp5/vendor/nova-framework/system/src/View/Engines/PhpEngine.php(31): Nova\View\Engines\PhpEngine->evaluatePath('/home/florent/t...', Array)
#3 /home/florent/td_tp5/vendor/nova-framework/system/src/View/View.php(96): Nova\View\Engines\PhpEngine->get('/home/florent/t...', Array)
#4 /home/florent/td_tp5/vendor/nova-framework/system/src/View/View.php(82): Nova\View\View->renderContents()
#5 /home/florent/td_tp5/app/Core/Controller.php(71): Nova\View\View->render()
#6 /home/florent/td_tp5/vendor/nova-framework/system/src/Routing/Controller.php(250): App\Core\Controller->processResponse(Object(Nova\Layout\Layout))
#7 /home/florent/td_tp5/vendor/nova-framework/system/src/Routing/ControllerDispatcher.php(94): Nova\Routing\Controller->callAction('index', Array)
#8 /home/florent/td_tp5/vendor/nova-framework/system/src/Routing/ControllerDispatcher.php(63): Nova\Routing\ControllerDispatcher->call(Object(App\Controllers\Welcome), Object(Nova\Routing\Route), 'index')
#9 /home/florent/td_tp5/vendor/nova-framework/system/src/Routing/Router.php(955): Nova\Routing\ControllerDispatcher->dispatch(Object(Nova\Routing\Route), Object(Nova\Http\Request), 'App\\Controllers...', 'index')
#10 [internal function]: Nova\Routing\Router->Nova\Routing\{closure}()
#11 /home/florent/td_tp5/vendor/nova-framework/system/src/Routing/Route.php(113): call_user_func_array(Object(Closure), Array)
#12 /home/florent/td_tp5/vendor/nova-framework/system/src/Routing/Router.php(1019): Nova\Routing\Route->run(Object(Nova\Http\Request))
#13 /home/florent/td_tp5/vendor/nova-framework/system/src/Routing/Router.php(988): Nova\Routing\Router->dispatchToRoute(Object(Nova\Http\Request))
#14 /home/florent/td_tp5/vendor/nova-framework/system/src/Foundation/Application.php(769): Nova\Routing\Router->dispatch(Object(Nova\Http\Request))
#15 /home/florent/td_tp5/vendor/nova-framework/system/src/Foundation/Application.php(737): Nova\Foundation\Application->dispatch(Object(Nova\Http\Request))
#16 /home/florent/td_tp5/shared/Http/ContentGuard.php(61): Nova\Foundation\Application->handle(Object(Nova\Http\Request), 1, true)
#17 /home/florent/td_tp5/vendor/nova-framework/system/src/Session/Middleware.php(77): Shared\Http\ContentGuard->handle(Object(Nova\Http\Request), 1, true)
#18 /home/florent/td_tp5/vendor/nova-framework/system/src/Cookie/Queue.php(49): Nova\Session\Middleware->handle(Object(Nova\Http\Request), 1, true)
#19 /home/florent/td_tp5/vendor/nova-framework/system/src/Cookie/Guard.php(54): Nova\Cookie\Queue->handle(Object(Nova\Http\Request), 1, true)
#20 /home/florent/td_tp5/vendor/stack/builder/src/Stack/StackedHttpKernel.php(23): Nova\Cookie\Guard->handle(Object(Nova\Http\Request), 1, true)
#21 /home/florent/td_tp5/vendor/nova-framework/system/src/Foundation/Application.php(634): Stack\StackedHttpKernel->handle(Object(Nova\Http\Request))
#22 /home/florent/td_tp5/public/index.php(29): Nova\Foundation\Application->run()
#23 /home/florent/td_tp5/server.php(22): require_once('/home/florent/t...')
#24 {main} [] []
[2017-01-06 14:27:29] production.ERROR: ErrorException: Array to string conversion in /home/florent/td_tp5/app/Templates/Default/default.php:21
Stack trace:
#0 /home/florent/td_tp5/app/Templates/Default/default.php(21): Nova\Exception\Handler->handleError(8, 'Array to string...', '/home/florent/t...', 21, Array)
#1 /home/florent/td_tp5/vendor/nova-framework/system/src/View/Engines/PhpEngine.php(56): include('/home/florent/t...')
#2 /home/florent/td_tp5/vendor/nova-framework/system/src/View/Engines/PhpEngine.php(31): Nova\View\Engines\PhpEngine->evaluatePath('/home/florent/t...', Array)
#3 /home/florent/td_tp5/vendor/nova-framework/system/src/View/View.php(96): Nova\View\Engines\PhpEngine->get('/home/florent/t...', Array)
#4 /home/florent/td_tp5/vendor/nova-framework/system/src/View/View.php(82): Nova\View\View->renderContents()
#5 /home/florent/td_tp5/app/Core/Controller.php(71): Nova\View\View->render()
#6 /home/florent/td_tp5/vendor/nova-framework/system/src/Routing/Controller.php(250): App\Core\Controller->processResponse(Object(Nova\Layout\Layout))
#7 /home/florent/td_tp5/vendor/nova-framework/system/src/Routing/ControllerDispatcher.php(94): Nova\Routing\Controller->callAction('index', Array)
#8 /home/florent/td_tp5/vendor/nova-framework/system/src/Routing/ControllerDispatcher.php(63): Nova\Routing\ControllerDispatcher->call(Object(App\Controllers\Welcome), Object(Nova\Routing\Route), 'index')
#9 /home/florent/td_tp5/vendor/nova-framework/system/src/Routing/Router.php(955): Nova\Routing\ControllerDispatcher->dispatch(Object(Nova\Routing\Route), Object(Nova\Http\Request), 'App\\Controllers...', 'index')
#10 [internal function]: Nova\Routing\Router->Nova\Routing\{closure}()
#11 /home/florent/td_tp5/vendor/nova-framework/system/src/Routing/Route.php(113): call_user_func_array(Object(Closure), Array)
#12 /home/florent/td_tp5/vendor/nova-framework/system/src/Routing/Router.php(1019): Nova\Routing\Route->run(Object(Nova\Http\Request))
#13 /home/florent/td_tp5/vendor/nova-framework/system/src/Routing/Router.php(988): Nova\Routing\Router->dispatchToRoute(Object(Nova\Http\Request))
#14 /home/florent/td_tp5/vendor/nova-framework/system/src/Foundation/Application.php(769): Nova\Routing\Router->dispatch(Object(Nova\Http\Request))
#15 /home/florent/td_tp5/vendor/nova-framework/system/src/Foundation/Application.php(737): Nova\Foundation\Application->dispatch(Object(Nova\Http\Request))
#16 /home/florent/td_tp5/shared/Http/ContentGuard.php(61): Nova\Foundation\Application->handle(Object(Nova\Http\Request), 1, true)
#17 /home/florent/td_tp5/vendor/nova-framework/system/src/Session/Middleware.php(77): Shared\Http\ContentGuard->handle(Object(Nova\Http\Request), 1, true)
#18 /home/florent/td_tp5/vendor/nova-framework/system/src/Cookie/Queue.php(49): Nova\Session\Middleware->handle(Object(Nova\Http\Request), 1, true)
#19 /home/florent/td_tp5/vendor/nova-framework/system/src/Cookie/Guard.php(54): Nova\Cookie\Queue->handle(Object(Nova\Http\Request), 1, true)
#20 /home/florent/td_tp5/vendor/stack/builder/src/Stack/StackedHttpKernel.php(23): Nova\Cookie\Guard->handle(Object(Nova\Http\Request), 1, true)
#21 /home/florent/td_tp5/vendor/nova-framework/system/src/Foundation/Application.php(634): Stack\StackedHttpKernel->handle(Object(Nova\Http\Request))
#22 /home/florent/td_tp5/public/index.php(29): Nova\Foundation\Application->run()
#23 /home/florent/td_tp5/server.php(22): require_once('/home/florent/t...')
#24 {main} [] []
[2017-01-06 14:27:58] production.ERROR: ErrorException: Illegal string offset 'fr' in /home/florent/td_tp5/app/Templates/Default/default.php:21
Stack trace:
#0 /home/florent/td_tp5/app/Templates/Default/default.php(21): Nova\Exception\Handler->handleError(2, 'Illegal string ...', '/home/florent/t...', 21, Array)
#1 /home/florent/td_tp5/vendor/nova-framework/system/src/View/Engines/PhpEngine.php(56): include('/home/florent/t...')
#2 /home/florent/td_tp5/vendor/nova-framework/system/src/View/Engines/PhpEngine.php(31): Nova\View\Engines\PhpEngine->evaluatePath('/home/florent/t...', Array)
#3 /home/florent/td_tp5/vendor/nova-framework/system/src/View/View.php(96): Nova\View\Engines\PhpEngine->get('/home/florent/t...', Array)
#4 /home/florent/td_tp5/vendor/nova-framework/system/src/View/View.php(82): Nova\View\View->renderContents()
#5 /home/florent/td_tp5/app/Core/Controller.php(71): Nova\View\View->render()
#6 /home/florent/td_tp5/vendor/nova-framework/system/src/Routing/Controller.php(250): App\Core\Controller->processResponse(Object(Nova\Layout\Layout))
#7 /home/florent/td_tp5/vendor/nova-framework/system/src/Routing/ControllerDispatcher.php(94): Nova\Routing\Controller->callAction('index', Array)
#8 /home/florent/td_tp5/vendor/nova-framework/system/src/Routing/ControllerDispatcher.php(63): Nova\Routing\ControllerDispatcher->call(Object(App\Controllers\Welcome), Object(Nova\Routing\Route), 'index')
#9 /home/florent/td_tp5/vendor/nova-framework/system/src/Routing/Router.php(955): Nova\Routing\ControllerDispatcher->dispatch(Object(Nova\Routing\Route), Object(Nova\Http\Request), 'App\\Controllers...', 'index')
#10 [internal function]: Nova\Routing\Router->Nova\Routing\{closure}()
#11 /home/florent/td_tp5/vendor/nova-framework/system/src/Routing/Route.php(113): call_user_func_array(Object(Closure), Array)
#12 /home/florent/td_tp5/vendor/nova-framework/system/src/Routing/Router.php(1019): Nova\Routing\Route->run(Object(Nova\Http\Request))
#13 /home/florent/td_tp5/vendor/nova-framework/system/src/Routing/Router.php(988): Nova\Routing\Router->dispatchToRoute(Object(Nova\Http\Request))
#14 /home/florent/td_tp5/vendor/nova-framework/system/src/Foundation/Application.php(769): Nova\Routing\Router->dispatch(Object(Nova\Http\Request))
#15 /home/florent/td_tp5/vendor/nova-framework/system/src/Foundation/Application.php(737): Nova\Foundation\Application->dispatch(Object(Nova\Http\Request))
#16 /home/florent/td_tp5/shared/Http/ContentGuard.php(61): Nova\Foundation\Application->handle(Object(Nova\Http\Request), 1, true)
#17 /home/florent/td_tp5/vendor/nova-framework/system/src/Session/Middleware.php(77): Shared\Http\ContentGuard->handle(Object(Nova\Http\Request), 1, true)
#18 /home/florent/td_tp5/vendor/nova-framework/system/src/Cookie/Queue.php(49): Nova\Session\Middleware->handle(Object(Nova\Http\Request), 1, true)
#19 /home/florent/td_tp5/vendor/nova-framework/system/src/Cookie/Guard.php(54): Nova\Cookie\Queue->handle(Object(Nova\Http\Request), 1, true)
#20 /home/florent/td_tp5/vendor/stack/builder/src/Stack/StackedHttpKernel.php(23): Nova\Cookie\Guard->handle(Object(Nova\Http\Request), 1, true)
#21 /home/florent/td_tp5/vendor/nova-framework/system/src/Foundation/Application.php(634): Stack\StackedHttpKernel->handle(Object(Nova\Http\Request))
#22 /home/florent/td_tp5/public/index.php(29): Nova\Foundation\Application->run()
#23 /home/florent/td_tp5/server.php(22): require_once('/home/florent/t...')
#24 {main} [] []
[2017-01-06 14:30:20] production.ERROR: ErrorException: Undefined variable: langMenuLinks in /home/florent/td_tp5/app/Templates/Default/default.php:46
Stack trace:
#0 /home/florent/td_tp5/app/Templates/Default/default.php(46): Nova\Exception\Handler->handleError(8, 'Undefined varia...', '/home/florent/t...', 46, Array)
#1 /home/florent/td_tp5/vendor/nova-framework/system/src/View/Engines/PhpEngine.php(56): include('/home/florent/t...')
#2 /home/florent/td_tp5/vendor/nova-framework/system/src/View/Engines/PhpEngine.php(31): Nova\View\Engines\PhpEngine->evaluatePath('/home/florent/t...', Array)
#3 /home/florent/td_tp5/vendor/nova-framework/system/src/View/View.php(96): Nova\View\Engines\PhpEngine->get('/home/florent/t...', Array)
#4 /home/florent/td_tp5/vendor/nova-framework/system/src/View/View.php(82): Nova\View\View->renderContents()
#5 /home/florent/td_tp5/app/Core/Controller.php(71): Nova\View\View->render()
#6 /home/florent/td_tp5/vendor/nova-framework/system/src/Routing/Controller.php(250): App\Core\Controller->processResponse(Object(Nova\Layout\Layout))
#7 /home/florent/td_tp5/vendor/nova-framework/system/src/Routing/ControllerDispatcher.php(94): Nova\Routing\Controller->callAction('index', Array)
#8 /home/florent/td_tp5/vendor/nova-framework/system/src/Routing/ControllerDispatcher.php(63): Nova\Routing\ControllerDispatcher->call(Object(App\Controllers\Welcome), Object(Nova\Routing\Route), 'index')
#9 /home/florent/td_tp5/vendor/nova-framework/system/src/Routing/Router.php(955): Nova\Routing\ControllerDispatcher->dispatch(Object(Nova\Routing\Route), Object(Nova\Http\Request), 'App\\Controllers...', 'index')
#10 [internal function]: Nova\Routing\Router->Nova\Routing\{closure}()
#11 /home/florent/td_tp5/vendor/nova-framework/system/src/Routing/Route.php(113): call_user_func_array(Object(Closure), Array)
#12 /home/florent/td_tp5/vendor/nova-framework/system/src/Routing/Router.php(1019): Nova\Routing\Route->run(Object(Nova\Http\Request))
#13 /home/florent/td_tp5/vendor/nova-framework/system/src/Routing/Router.php(988): Nova\Routing\Router->dispatchToRoute(Object(Nova\Http\Request))
#14 /home/florent/td_tp5/vendor/nova-framework/system/src/Foundation/Application.php(769): Nova\Routing\Router->dispatch(Object(Nova\Http\Request))
#15 /home/florent/td_tp5/vendor/nova-framework/system/src/Foundation/Application.php(737): Nova\Foundation\Application->dispatch(Object(Nova\Http\Request))
#16 /home/florent/td_tp5/shared/Http/ContentGuard.php(61): Nova\Foundation\Application->handle(Object(Nova\Http\Request), 1, true)
#17 /home/florent/td_tp5/vendor/nova-framework/system/src/Session/Middleware.php(77): Shared\Http\ContentGuard->handle(Object(Nova\Http\Request), 1, true)
#18 /home/florent/td_tp5/vendor/nova-framework/system/src/Cookie/Queue.php(49): Nova\Session\Middleware->handle(Object(Nova\Http\Request), 1, true)
#19 /home/florent/td_tp5/vendor/nova-framework/system/src/Cookie/Guard.php(54): Nova\Cookie\Queue->handle(Object(Nova\Http\Request), 1, true)
#20 /home/florent/td_tp5/vendor/stack/builder/src/Stack/StackedHttpKernel.php(23): Nova\Cookie\Guard->handle(Object(Nova\Http\Request), 1, true)
#21 /home/florent/td_tp5/vendor/nova-framework/system/src/Foundation/Application.php(634): Stack\StackedHttpKernel->handle(Object(Nova\Http\Request))
#22 /home/florent/td_tp5/public/index.php(29): Nova\Foundation\Application->run()
#23 /home/florent/td_tp5/server.php(22): require_once('/home/florent/t...')
#24 {main} [] []
[2017-01-06 14:54:04] production.ERROR: Nova\Database\QueryException: SQLSTATE[42S02]: Base table or view not found: 1146 Table 'nova.users' doesn't exist (SQL: select count(*) as aggregate from `users` where `username` = Peperonni) in /home/florent/td_tp5/vendor/nova-framework/system/src/Database/Connection.php:624
Stack trace:
#0 /home/florent/td_tp5/vendor/nova-framework/system/src/Database/Connection.php(583): Nova\Database\Connection->runQueryCallback('select count(*)...', Array, Object(Closure))
#1 /home/florent/td_tp5/vendor/nova-framework/system/src/Database/Connection.php(310): Nova\Database\Connection->run('select count(*)...', Array, Object(Closure))
#2 /home/florent/td_tp5/vendor/nova-framework/system/src/Database/Query/Builder.php(1393): Nova\Database\Connection->select('select count(*)...', Array)
#3 /home/florent/td_tp5/vendor/nova-framework/system/src/Database/Query/Builder.php(1379): Nova\Database\Query\Builder->runSelect()
#4 /home/florent/td_tp5/vendor/nova-framework/system/src/Database/Query/Builder.php(1366): Nova\Database\Query\Builder->getFresh(Array)
#5 /home/florent/td_tp5/vendor/nova-framework/system/src/Database/Query/Builder.php(1803): Nova\Database\Query\Builder->get(Array)
#6 /home/florent/td_tp5/vendor/nova-framework/system/src/Database/Query/Builder.php(1741): Nova\Database\Query\Builder->aggregate('count', Array)
#7 /home/florent/td_tp5/vendor/nova-framework/system/src/Validation/DatabasePresenceVerifier.php(58): Nova\Database\Query\Builder->count()
#8 /home/florent/td_tp5/vendor/nova-framework/system/src/Validation/Validator.php(1021): Nova\Validation\DatabasePresenceVerifier->getCount('users', 'username', 'Peperonni', NULL, NULL, Array)
#9 /home/florent/td_tp5/vendor/nova-framework/system/src/Validation/Validator.php(327): Nova\Validation\Validator->validateUnique('username', 'Peperonni', Array, Object(Nova\Validation\Validator))
#10 /home/florent/td_tp5/vendor/nova-framework/system/src/Validation/Validator.php(288): Nova\Validation\Validator->validate('username', 'Unique')
#11 /home/florent/td_tp5/vendor/nova-framework/system/src/Validation/Validator.php(302): Nova\Validation\Validator->passes()
#12 /home/florent/td_tp5/app/Modules/Users/Controllers/Registrar.php(112): Nova\Validation\Validator->fails()
#13 [internal function]: App\Modules\Users\Controllers\Registrar->store()
#14 /home/florent/td_tp5/vendor/nova-framework/system/src/Routing/Controller.php(240): call_user_func_array(Array, Array)
#15 /home/florent/td_tp5/vendor/nova-framework/system/src/Routing/ControllerDispatcher.php(94): Nova\Routing\Controller->callAction('store', Array)
#16 /home/florent/td_tp5/vendor/nova-framework/system/src/Routing/ControllerDispatcher.php(63): Nova\Routing\ControllerDispatcher->call(Object(App\Modules\Users\Controllers\Registrar), Object(Nova\Routing\Route), 'store')
#17 /home/florent/td_tp5/vendor/nova-framework/system/src/Routing/Router.php(955): Nova\Routing\ControllerDispatcher->dispatch(Object(Nova\Routing\Route), Object(Nova\Http\Request), 'App\\Modules\\Use...', 'store')
#18 [internal function]: Nova\Routing\Router->Nova\Routing\{closure}()
#19 /home/florent/td_tp5/vendor/nova-framework/system/src/Routing/Route.php(113): call_user_func_array(Object(Closure), Array)
#20 /home/florent/td_tp5/vendor/nova-framework/system/src/Routing/Router.php(1019): Nova\Routing\Route->run(Object(Nova\Http\Request))
#21 /home/florent/td_tp5/vendor/nova-framework/system/src/Routing/Router.php(988): Nova\Routing\Router->dispatchToRoute(Object(Nova\Http\Request))
#22 /home/florent/td_tp5/vendor/nova-framework/system/src/Foundation/Application.php(769): Nova\Routing\Router->dispatch(Object(Nova\Http\Request))
#23 /home/florent/td_tp5/vendor/nova-framework/system/src/Foundation/Application.php(737): Nova\Foundation\Application->dispatch(Object(Nova\Http\Request))
#24 /home/florent/td_tp5/shared/Http/ContentGuard.php(61): Nova\Foundation\Application->handle(Object(Nova\Http\Request), 1, true)
#25 /home/florent/td_tp5/vendor/nova-framework/system/src/Session/Middleware.php(77): Shared\Http\ContentGuard->handle(Object(Nova\Http\Request), 1, true)
#26 /home/florent/td_tp5/vendor/nova-framework/system/src/Cookie/Queue.php(49): Nova\Session\Middleware->handle(Object(Nova\Http\Request), 1, true)
#27 /home/florent/td_tp5/vendor/nova-framework/system/src/Cookie/Guard.php(54): Nova\Cookie\Queue->handle(Object(Nova\Http\Request), 1, true)
#28 /home/florent/td_tp5/vendor/stack/builder/src/Stack/StackedHttpKernel.php(23): Nova\Cookie\Guard->handle(Object(Nova\Http\Request), 1, true)
#29 /home/florent/td_tp5/vendor/nova-framework/system/src/Foundation/Application.php(634): Stack\StackedHttpKernel->handle(Object(Nova\Http\Request))
#30 /home/florent/td_tp5/public/index.php(29): Nova\Foundation\Application->run()
#31 /home/florent/td_tp5/server.php(22): require_once('/home/florent/t...')
#32 {main} [] []
[2017-01-06 14:54:49] production.ERROR: Nova\Database\QueryException: SQLSTATE[42S02]: Base table or view not found: 1146 Table 'nova.users' doesn't exist (SQL: select count(*) as aggregate from `users` where `username` = Peperonni) in /home/florent/td_tp5/vendor/nova-framework/system/src/Database/Connection.php:624
Stack trace:
#0 /home/florent/td_tp5/vendor/nova-framework/system/src/Database/Connection.php(583): Nova\Database\Connection->runQueryCallback('select count(*)...', Array, Object(Closure))
#1 /home/florent/td_tp5/vendor/nova-framework/system/src/Database/Connection.php(310): Nova\Database\Connection->run('select count(*)...', Array, Object(Closure))
#2 /home/florent/td_tp5/vendor/nova-framework/system/src/Database/Query/Builder.php(1393): Nova\Database\Connection->select('select count(*)...', Array)
#3 /home/florent/td_tp5/vendor/nova-framework/system/src/Database/Query/Builder.php(1379): Nova\Database\Query\Builder->runSelect()
#4 /home/florent/td_tp5/vendor/nova-framework/system/src/Database/Query/Builder.php(1366): Nova\Database\Query\Builder->getFresh(Array)
#5 /home/florent/td_tp5/vendor/nova-framework/system/src/Database/Query/Builder.php(1803): Nova\Database\Query\Builder->get(Array)
#6 /home/florent/td_tp5/vendor/nova-framework/system/src/Database/Query/Builder.php(1741): Nova\Database\Query\Builder->aggregate('count', Array)
#7 /home/florent/td_tp5/vendor/nova-framework/system/src/Validation/DatabasePresenceVerifier.php(58): Nova\Database\Query\Builder->count()
#8 /home/florent/td_tp5/vendor/nova-framework/system/src/Validation/Validator.php(1021): Nova\Validation\DatabasePresenceVerifier->getCount('users', 'username', 'Peperonni', NULL, NULL, Array)
#9 /home/florent/td_tp5/vendor/nova-framework/system/src/Validation/Validator.php(327): Nova\Validation\Validator->validateUnique('username', 'Peperonni', Array, Object(Nova\Validation\Validator))
#10 /home/florent/td_tp5/vendor/nova-framework/system/src/Validation/Validator.php(288): Nova\Validation\Validator->validate('username', 'Unique')
#11 /home/florent/td_tp5/vendor/nova-framework/system/src/Validation/Validator.php(302): Nova\Validation\Validator->passes()
#12 /home/florent/td_tp5/app/Modules/Users/Controllers/Registrar.php(112): Nova\Validation\Validator->fails()
#13 [internal function]: App\Modules\Users\Controllers\Registrar->store()
#14 /home/florent/td_tp5/vendor/nova-framework/system/src/Routing/Controller.php(240): call_user_func_array(Array, Array)
#15 /home/florent/td_tp5/vendor/nova-framework/system/src/Routing/ControllerDispatcher.php(94): Nova\Routing\Controller->callAction('store', Array)
#16 /home/florent/td_tp5/vendor/nova-framework/system/src/Routing/ControllerDispatcher.php(63): Nova\Routing\ControllerDispatcher->call(Object(App\Modules\Users\Controllers\Registrar), Object(Nova\Routing\Route), 'store')
#17 /home/florent/td_tp5/vendor/nova-framework/system/src/Routing/Router.php(955): Nova\Routing\ControllerDispatcher->dispatch(Object(Nova\Routing\Route), Object(Nova\Http\Request), 'App\\Modules\\Use...', 'store')
#18 [internal function]: Nova\Routing\Router->Nova\Routing\{closure}()
#19 /home/florent/td_tp5/vendor/nova-framework/system/src/Routing/Route.php(113): call_user_func_array(Object(Closure), Array)
#20 /home/florent/td_tp5/vendor/nova-framework/system/src/Routing/Router.php(1019): Nova\Routing\Route->run(Object(Nova\Http\Request))
#21 /home/florent/td_tp5/vendor/nova-framework/system/src/Routing/Router.php(988): Nova\Routing\Router->dispatchToRoute(Object(Nova\Http\Request))
#22 /home/florent/td_tp5/vendor/nova-framework/system/src/Foundation/Application.php(769): Nova\Routing\Router->dispatch(Object(Nova\Http\Request))
#23 /home/florent/td_tp5/vendor/nova-framework/system/src/Foundation/Application.php(737): Nova\Foundation\Application->dispatch(Object(Nova\Http\Request))
#24 /home/florent/td_tp5/shared/Http/ContentGuard.php(61): Nova\Foundation\Application->handle(Object(Nova\Http\Request), 1, true)
#25 /home/florent/td_tp5/vendor/nova-framework/system/src/Session/Middleware.php(77): Shared\Http\ContentGuard->handle(Object(Nova\Http\Request), 1, true)
#26 /home/florent/td_tp5/vendor/nova-framework/system/src/Cookie/Queue.php(49): Nova\Session\Middleware->handle(Object(Nova\Http\Request), 1, true)
#27 /home/florent/td_tp5/vendor/nova-framework/system/src/Cookie/Guard.php(54): Nova\Cookie\Queue->handle(Object(Nova\Http\Request), 1, true)
#28 /home/florent/td_tp5/vendor/stack/builder/src/Stack/StackedHttpKernel.php(23): Nova\Cookie\Guard->handle(Object(Nova\Http\Request), 1, true)
#29 /home/florent/td_tp5/vendor/nova-framework/system/src/Foundation/Application.php(634): Stack\StackedHttpKernel->handle(Object(Nova\Http\Request))
#30 /home/florent/td_tp5/public/index.php(29): Nova\Foundation\Application->run()
#31 /home/florent/td_tp5/server.php(22): require_once('/home/florent/t...')
#32 {main} [] []
[2017-01-06 15:02:32] production.ERROR: Nova\Database\QueryException: SQLSTATE[42S02]: Base table or view not found: 1146 Table 'nova.roles' doesn't exist (SQL: select * from `roles` where `slug` = user limit 1) in /home/florent/td_tp5/vendor/nova-framework/system/src/Database/Connection.php:624
Stack trace:
#0 /home/florent/td_tp5/vendor/nova-framework/system/src/Database/Connection.php(583): Nova\Database\Connection->runQueryCallback('select * from `...', Array, Object(Closure))
#1 /home/florent/td_tp5/vendor/nova-framework/system/src/Database/Connection.php(310): Nova\Database\Connection->run('select * from `...', Array, Object(Closure))
#2 /home/florent/td_tp5/vendor/nova-framework/system/src/Database/Query/Builder.php(1393): Nova\Database\Connection->select('select * from `...', Array)
#3 /home/florent/td_tp5/vendor/nova-framework/system/src/Database/Query/Builder.php(1379): Nova\Database\Query\Builder->runSelect()
#4 /home/florent/td_tp5/vendor/nova-framework/system/src/Database/Query/Builder.php(1366): Nova\Database\Query\Builder->getFresh(Array)
#5 /home/florent/td_tp5/vendor/nova-framework/system/src/Database/ORM/Builder.php(408): Nova\Database\Query\Builder->get(Array)
#6 /home/florent/td_tp5/vendor/nova-framework/system/src/Database/ORM/Builder.php(154): Nova\Database\ORM\Builder->getModels(Array)
#7 /home/florent/td_tp5/vendor/nova-framework/system/src/Database/ORM/Builder.php(128): Nova\Database\ORM\Builder->get(Array)
#8 /home/florent/td_tp5/app/Modules/Users/Controllers/Registrar.php(128): Nova\Database\ORM\Builder->first()
#9 [internal function]: App\Modules\Users\Controllers\Registrar->store()
#10 /home/florent/td_tp5/vendor/nova-framework/system/src/Routing/Controller.php(240): call_user_func_array(Array, Array)
#11 /home/florent/td_tp5/vendor/nova-framework/system/src/Routing/ControllerDispatcher.php(94): Nova\Routing\Controller->callAction('store', Array)
#12 /home/florent/td_tp5/vendor/nova-framework/system/src/Routing/ControllerDispatcher.php(63): Nova\Routing\ControllerDispatcher->call(Object(App\Modules\Users\Controllers\Registrar), Object(Nova\Routing\Route), 'store')
#13 /home/florent/td_tp5/vendor/nova-framework/system/src/Routing/Router.php(955): Nova\Routing\ControllerDispatcher->dispatch(Object(Nova\Routing\Route), Object(Nova\Http\Request), 'App\\Modules\\Use...', 'store')
#14 [internal function]: Nova\Routing\Router->Nova\Routing\{closure}()
#15 /home/florent/td_tp5/vendor/nova-framework/system/src/Routing/Route.php(113): call_user_func_array(Object(Closure), Array)
#16 /home/florent/td_tp5/vendor/nova-framework/system/src/Routing/Router.php(1019): Nova\Routing\Route->run(Object(Nova\Http\Request))
#17 /home/florent/td_tp5/vendor/nova-framework/system/src/Routing/Router.php(988): Nova\Routing\Router->dispatchToRoute(Object(Nova\Http\Request))
#18 /home/florent/td_tp5/vendor/nova-framework/system/src/Foundation/Application.php(769): Nova\Routing\Router->dispatch(Object(Nova\Http\Request))
#19 /home/florent/td_tp5/vendor/nova-framework/system/src/Foundation/Application.php(737): Nova\Foundation\Application->dispatch(Object(Nova\Http\Request))
#20 /home/florent/td_tp5/shared/Http/ContentGuard.php(61): Nova\Foundation\Application->handle(Object(Nova\Http\Request), 1, true)
#21 /home/florent/td_tp5/vendor/nova-framework/system/src/Session/Middleware.php(77): Shared\Http\ContentGuard->handle(Object(Nova\Http\Request), 1, true)
#22 /home/florent/td_tp5/vendor/nova-framework/system/src/Cookie/Queue.php(49): Nova\Session\Middleware->handle(Object(Nova\Http\Request), 1, true)
#23 /home/florent/td_tp5/vendor/nova-framework/system/src/Cookie/Guard.php(54): Nova\Cookie\Queue->handle(Object(Nova\Http\Request), 1, true)
#24 /home/florent/td_tp5/vendor/stack/builder/src/Stack/StackedHttpKernel.php(23): Nova\Cookie\Guard->handle(Object(Nova\Http\Request), 1, true)
#25 /home/florent/td_tp5/vendor/nova-framework/system/src/Foundation/Application.php(634): Stack\StackedHttpKernel->handle(Object(Nova\Http\Request))
#26 /home/florent/td_tp5/public/index.php(29): Nova\Foundation\Application->run()
#27 /home/florent/td_tp5/server.php(22): require_once('/home/florent/t...')
#28 {main} [] []
[2017-01-06 15:03:37] production.ERROR: RuntimeException: Default Role not found. in /home/florent/td_tp5/app/Modules/Users/Controllers/Registrar.php:131
Stack trace:
#0 [internal function]: App\Modules\Users\Controllers\Registrar->store()
#1 /home/florent/td_tp5/vendor/nova-framework/system/src/Routing/Controller.php(240): call_user_func_array(Array, Array)
#2 /home/florent/td_tp5/vendor/nova-framework/system/src/Routing/ControllerDispatcher.php(94): Nova\Routing\Controller->callAction('store', Array)
#3 /home/florent/td_tp5/vendor/nova-framework/system/src/Routing/ControllerDispatcher.php(63): Nova\Routing\ControllerDispatcher->call(Object(App\Modules\Users\Controllers\Registrar), Object(Nova\Routing\Route), 'store')
#4 /home/florent/td_tp5/vendor/nova-framework/system/src/Routing/Router.php(955): Nova\Routing\ControllerDispatcher->dispatch(Object(Nova\Routing\Route), Object(Nova\Http\Request), 'App\\Modules\\Use...', 'store')
#5 [internal function]: Nova\Routing\Router->Nova\Routing\{closure}()
#6 /home/florent/td_tp5/vendor/nova-framework/system/src/Routing/Route.php(113): call_user_func_array(Object(Closure), Array)
#7 /home/florent/td_tp5/vendor/nova-framework/system/src/Routing/Router.php(1019): Nova\Routing\Route->run(Object(Nova\Http\Request))
#8 /home/florent/td_tp5/vendor/nova-framework/system/src/Routing/Router.php(988): Nova\Routing\Router->dispatchToRoute(Object(Nova\Http\Request))
#9 /home/florent/td_tp5/vendor/nova-framework/system/src/Foundation/Application.php(769): Nova\Routing\Router->dispatch(Object(Nova\Http\Request))
#10 /home/florent/td_tp5/vendor/nova-framework/system/src/Foundation/Application.php(737): Nova\Foundation\Application->dispatch(Object(Nova\Http\Request))
#11 /home/florent/td_tp5/shared/Http/ContentGuard.php(61): Nova\Foundation\Application->handle(Object(Nova\Http\Request), 1, true)
#12 /home/florent/td_tp5/vendor/nova-framework/system/src/Session/Middleware.php(77): Shared\Http\ContentGuard->handle(Object(Nova\Http\Request), 1, true)
#13 /home/florent/td_tp5/vendor/nova-framework/system/src/Cookie/Queue.php(49): Nova\Session\Middleware->handle(Object(Nova\Http\Request), 1, true)
#14 /home/florent/td_tp5/vendor/nova-framework/system/src/Cookie/Guard.php(54): Nova\Cookie\Queue->handle(Object(Nova\Http\Request), 1, true)
#15 /home/florent/td_tp5/vendor/stack/builder/src/Stack/StackedHttpKernel.php(23): Nova\Cookie\Guard->handle(Object(Nova\Http\Request), 1, true)
#16 /home/florent/td_tp5/vendor/nova-framework/system/src/Foundation/Application.php(634): Stack\StackedHttpKernel->handle(Object(Nova\Http\Request))
#17 /home/florent/td_tp5/public/index.php(29): Nova\Foundation\Application->run()
#18 /home/florent/td_tp5/server.php(22): require_once('/home/florent/t...')
#19 {main} [] []
[2017-01-06 15:14:05] production.INFO: Pretending to mail message to: florent.legru.barlin@gmail.com [] []
[2017-01-06 15:20:56] production.INFO: Pretending to mail message to: florent.legru@hotmail.com [] []
[2017-01-06 15:57:48] production.ERROR: ErrorException: Illegal string offset 'fr' in /home/florent/td_tp5/app/Templates/AdminLTE/default.php:84
Stack trace:
#0 /home/florent/td_tp5/app/Templates/AdminLTE/default.php(84): Nova\Exception\Handler->handleError(2, 'Illegal string ...', '/home/florent/t...', 84, Array)
#1 /home/florent/td_tp5/vendor/nova-framework/system/src/View/Engines/PhpEngine.php(56): include('/home/florent/t...')
#2 /home/florent/td_tp5/vendor/nova-framework/system/src/View/Engines/PhpEngine.php(31): Nova\View\Engines\PhpEngine->evaluatePath('/home/florent/t...', Array)
#3 /home/florent/td_tp5/vendor/nova-framework/system/src/View/View.php(96): Nova\View\Engines\PhpEngine->get('/home/florent/t...', Array)
#4 /home/florent/td_tp5/vendor/nova-framework/system/src/View/View.php(82): Nova\View\View->renderContents()
#5 /home/florent/td_tp5/app/Core/Controller.php(71): Nova\View\View->render()
#6 /home/florent/td_tp5/vendor/nova-framework/system/src/Routing/Controller.php(250): App\Core\Controller->processResponse(Object(Nova\Layout\Layout))
#7 /home/florent/td_tp5/vendor/nova-framework/system/src/Routing/ControllerDispatcher.php(94): Nova\Routing\Controller->callAction('login', Array)
#8 /home/florent/td_tp5/vendor/nova-framework/system/src/Routing/ControllerDispatcher.php(63): Nova\Routing\ControllerDispatcher->call(Object(App\Modules\System\Controllers\Authorize), Object(Nova\Routing\Route), 'login')
#9 /home/florent/td_tp5/vendor/nova-framework/system/src/Routing/Router.php(955): Nova\Routing\ControllerDispatcher->dispatch(Object(Nova\Routing\Route), Object(Nova\Http\Request), 'App\\Modules\\Sys...', 'login')
#10 [internal function]: Nova\Routing\Router->Nova\Routing\{closure}()
#11 /home/florent/td_tp5/vendor/nova-framework/system/src/Routing/Route.php(113): call_user_func_array(Object(Closure), Array)
#12 /home/florent/td_tp5/vendor/nova-framework/system/src/Routing/Router.php(1019): Nova\Routing\Route->run(Object(Nova\Http\Request))
#13 /home/florent/td_tp5/vendor/nova-framework/system/src/Routing/Router.php(988): Nova\Routing\Router->dispatchToRoute(Object(Nova\Http\Request))
#14 /home/florent/td_tp5/vendor/nova-framework/system/src/Foundation/Application.php(769): Nova\Routing\Router->dispatch(Object(Nova\Http\Request))
#15 /home/florent/td_tp5/vendor/nova-framework/system/src/Foundation/Application.php(737): Nova\Foundation\Application->dispatch(Object(Nova\Http\Request))
#16 /home/florent/td_tp5/shared/Http/ContentGuard.php(61): Nova\Foundation\Application->handle(Object(Nova\Http\Request), 1, true)
#17 /home/florent/td_tp5/vendor/nova-framework/system/src/Session/Middleware.php(77): Shared\Http\ContentGuard->handle(Object(Nova\Http\Request), 1, true)
#18 /home/florent/td_tp5/vendor/nova-framework/system/src/Cookie/Queue.php(49): Nova\Session\Middleware->handle(Object(Nova\Http\Request), 1, true)
#19 /home/florent/td_tp5/vendor/nova-framework/system/src/Cookie/Guard.php(54): Nova\Cookie\Queue->handle(Object(Nova\Http\Request), 1, true)
#20 /home/florent/td_tp5/vendor/stack/builder/src/Stack/StackedHttpKernel.php(23): Nova\Cookie\Guard->handle(Object(Nova\Http\Request), 1, true)
#21 /home/florent/td_tp5/vendor/nova-framework/system/src/Foundation/Application.php(634): Stack\StackedHttpKernel->handle(Object(Nova\Http\Request))
#22 /home/florent/td_tp5/public/index.php(29): Nova\Foundation\Application->run()
#23 /home/florent/td_tp5/server.php(22): require_once('/home/florent/t...')
#24 {main} [] []
